         w __deregister_frame_info
         w _ITM_deregisterTMCloneTable
         w _ITM_registerTMCloneTable
         w _Jv_RegisterClasses
         w __register_frame_info
00000000 a shift
00000000 a shift
00100000 T _start
00100000 T __start__
00100008 T __service_ptr
0010000c T __apt_appid
00100010 T __heap_size
00100014 T __linear_heap_size
00100018 T __system_arglist
0010001c T __system_runflags
00100020 t startup
00100058 t ClearMem
0010006c t ClrLoop
00100094 T _init
001000ac t deregister_tm_clones
001000dc t register_tm_clones
00100114 t __do_global_dtors_aux
00100158 t frame_dummy
001001b4 00000054 T concat
00100208 00000144 T registerFunction
0010034c 00000040 T error
0010038c 00000090 t pushresult
0010041c 00000048 t io_fclose
00100464 0000002c t io_pclose
00100490 00000040 t tofile
001004d0 000000ec t g_write
001005bc 00000020 t f_write
001005dc 00000048 t newfile
00100624 000000c0 t read_line
001006e4 00000064 t io_popen
00100748 00000074 t io_open
001007bc 00000034 t aux_lines
001007f0 00000024 t f_lines
00100814 00000058 t createstdfile
0010086c 00000040 t aux_close
001008ac 00000044 t io_close
001008f0 00000064 t io_gc
00100954 00000028 t f_flush
0010097c 00000050 t io_tostring
001009cc 00000070 t f_setvbuf
00100a3c 00000064 t getiofile
00100aa0 00000024 t io_write
00100ac4 0000002c t io_flush
00100af0 000000ac t io_type
00100b9c 0000003c t io_tmpfile
00100bd8 000000ac t read_chars
00100c84 0000024c t g_read
00100ed0 00000024 t io_read
00100ef4 00000020 t f_read
00100f14 000000c4 t io_readline
00100fd8 00000090 t f_seek
00101068 00000054 t fileerror.constprop.7
001010bc 000000ac t g_iofile
00101168 00000010 t io_output
00101178 00000010 t io_input
00101188 000000b4 t io_lines
0010123c 0000016c T luaopen_io
001013a8 00000018 T luaM_toobig
001013c0 00000060 T luaM_realloc_
00101420 000000a8 T luaM_growaux_
001014c8 00000094 t os_setlocale
0010155c 00000090 t os_pushresult
001015ec 0000004c t os_rename
00101638 00000034 t os_remove
0010166c 0000002c t os_getenv
00101698 00000014 t os_exit
001016ac 00000030 t os_execute
001016dc 0000005c t os_difftime
00101738 00000038 t os_clock
00101770 00000048 t os_tmpname
001017b8 00000078 t getfield
00101830 0000017c t os_time
001019ac 00000254 t os_date
00101c00 00000020 T luaopen_os
00101c20 00000054 t currentpc.isra.0
00101c74 00000054 t currentline
00101cc8 0000007c t checkArgMode.isra.2
00101d44 000005dc t symbexec
00102320 000000c4 t findlocal
001023e4 000001cc t getobjname
001025b0 0000002c T lua_sethook
001025dc 00000008 T lua_gethook
001025e4 00000008 T lua_gethookmask
001025ec 00000008 T lua_gethookcount
001025f4 0000009c T lua_getstack
00102690 00000048 T lua_getlocal
001026d8 0000005c T lua_setlocal
00102734 000004e4 T lua_getinfo
00102c18 00000040 T luaG_checkopenop
00102c58 0000001c T luaG_checkcode
00102c74 000000a0 T luaG_errormsg
00102d14 000000d8 T luaG_runerror
00102dec 000000c0 T luaG_typeerror
00102eac 00000018 T luaG_concaterror
00102ec4 00000044 T luaG_aritherror
00102f08 00000054 T luaG_ordererror
00102f5c 0000006c T luaT_init
00102fc8 00000034 T luaT_gettm
00102ffc 00000058 T luaT_gettmbyobj
00103054 00000054 t loaderror
001030a8 00000248 t ll_require
001032f0 0000021c t ll_module
0010350c 00000094 t loader_preload
001035a0 00000168 t findfile
00103708 00000068 t mkfuncname
00103770 00000060 t loader_Lua
001037d0 00000078 t ll_seeall
00103848 00000024 t gctm
0010386c 00000080 t setpath
001038ec 000000fc t ll_loadfunc.isra.3
001039e8 000000b8 t loader_Croot
00103aa0 00000070 t loader_C
00103b10 00000080 t ll_loadlib
00103b90 000001c8 T luaopen_package
00103d58 00000054 T luaL_openlibs
00103db0 00000030 t math_rad
00103de0 00000030 t math_deg
00103e10 00000024 t math_abs
00103e34 00000024 t math_tan
00103e58 00000024 t math_tanh
00103e7c 00000024 t math_sqrt
00103ea0 00000024 t math_sin
00103ec4 00000024 t math_sinh
00103ee8 00000018 t math_randomseed
00103f00 0000006c t math_min
00103f6c 0000006c t math_max
00103fd8 00000024 t math_floor
00103ffc 0000015c t math_random
00104158 00000044 t math_pow
0010419c 0000004c t math_modf
001041e8 00000024 t math_log
0010420c 00000024 t math_log10
00104230 00000040 t math_ldexp
00104270 0000003c t math_frexp
001042ac 00000044 t math_fmod
001042f0 00000024 t math_exp
00104314 00000024 t math_cos
00104338 00000024 t math_cosh
0010435c 00000024 t math_ceil
00104380 00000024 t math_atan
001043a4 00000044 t math_atan2
001043e8 00000024 t math_asin
0010440c 00000024 t math_acos
00104430 000000a0 T luaopen_math
001044d0 00000090 t stack_init
00104560 00000040 t freestack
001045a0 00000098 t f_luaopen
00104638 00000080 t close_state
001046b8 00000004 t callallgcTM
001046bc 000000c0 T luaE_newthread
0010477c 0000003c T luaE_freethread
001047b8 00000154 T lua_newstate
0010490c 00000070 T lua_close
0010497c 0000017c t match_class
00104af8 000000a8 t matchbracketclass
00104ba0 000000c8 t str_upper
00104c68 000000b8 t str_reverse
00104d20 000000c8 t str_lower
00104de8 000000a0 t str_sub
00104e88 00000084 t str_rep
00104f0c 00000014 t writer
00104f20 00000030 t str_len
00104f50 0000000c t gfind_nodef
00104f5c 000000e8 t str_byte
00105044 00000058 t gmatch
0010509c 00000038 t addintlen
001050d4 00000578 t str_format
0010564c 00000080 t str_dump
001056cc 000000c0 t str_char
0010578c 0000004c t singlematch
001057d8 000000e0 t classend.isra.2
001058b8 000000bc t push_onecapture
00105974 00000088 t push_captures
001059fc 00000590 t match
00105f8c 00000090 t max_expand
0010601c 0000023c t str_find_aux
00106258 00000008 t str_match
00106260 00000008 t str_find
00106268 000003a8 t str_gsub
00106610 000000e4 t gmatch_aux
001066f4 000000c0 T luaopen_string
001067b4 00000064 t pushstr
00106818 00000034 T luaO_int2fb
0010684c 0000001c T luaO_fb2int
00106868 00000030 T luaO_log2
00106898 00000070 T luaO_rawequalObj
00106908 000000c0 T luaO_str2d
001069c8 00000234 T luaO_pushvfstring
00106bfc 00000030 T luaO_pushfstring
00106c2c 0000011c T luaO_chunkid
00106d48 0000003c t luaX_token2str.part.1
00106d84 00000054 T luaX_init
00106dd8 00000024 T luaX_token2str
00106dfc 000000d4 T luaX_lexerror
00106ed0 00000094 t save
00106f64 000000c0 t skip_sep
00107024 00000068 t check_next
0010708c 000001fc t read_numeral
00107288 000000c4 t inclinenumber
0010734c 00000008 T luaX_syntaxerror
00107354 00000048 T luaX_newstring
0010739c 00000258 t read_long_string
001075f4 0000090c t llex
00107f00 000000a0 T luaX_setinput
00107fa0 00000050 T luaX_next
00107ff0 00000018 T luaX_lookahead
00108008 0000001c t luaB_yield
00108024 000000f4 t auxresume
00108118 000000f8 t luaB_costatus
00108210 00000014 t luaB_corunning
00108224 00000074 t luaB_cocreate
00108298 00000028 t luaB_cowrap
001082c0 0000004c t luaB_next
0010830c 00000040 t luaB_pairs
0010834c 00000044 t luaB_ipairs
00108390 00000060 t ipairsaux
001083f0 0000004c t luaB_rawset
0010843c 00000040 t luaB_rawget
0010847c 00000054 t luaB_pcall
001084d0 00000064 t luaB_xpcall
00108534 0000006c t luaB_error
001085a0 000000b4 t luaB_unpack
00108654 0000003c t luaB_type
00108690 000000a4 t luaB_select
00108734 00000120 t luaB_tonumber
00108854 00000094 t luaB_setmetatable
001088e8 000000dc t getfunc
001089c4 000000c4 t luaB_setfenv
00108a88 00000040 t luaB_rawequal
00108ac8 00000098 t generic_reader
00108b60 000000e4 t luaB_print
00108c44 00000064 t luaB_dofile
00108ca8 00000048 t luaB_getfenv
00108cf0 00000028 t luaB_gcinfo
00108d18 000000e0 t luaB_collectgarbage
00108df8 0000008c t luaB_auxwrap
00108e84 0000008c t luaB_coresume
00108f10 00000108 t luaB_newproxy
00109018 00000080 t luaB_load
00109098 0000011c t luaB_tostring
001091b4 0000004c t luaB_getmetatable
00109200 00000058 t luaB_assert
00109258 00000050 t luaB_loadfile
001092a8 00000070 t luaB_loadstring
00109318 0000017c T luaopen_base
00109498 0000008c t auxupvalue
00109524 00000020 t db_setupvalue
00109544 00000008 t db_getupvalue
0010954c 0000005c t db_setmetatable
001095a8 00000018 t db_getregistry
001095c0 0000004c t db_setfenv
0010960c 00000034 t db_getmetatable
00109640 00000050 t treatstackoption
00109690 00000014 t db_getfenv
001096a4 000000ec t db_debug
00109790 00000040 t getthread
001097d0 00000290 t db_errorfb
00109a60 000000c0 t db_setlocal
00109b20 000000c4 t db_getlocal
00109be4 00000324 t db_getinfo
00109f08 0000009c t hookf
00109fa4 0000007c t gethooktable
0010a020 00000148 t db_sethook
0010a168 00000108 t db_gethook
0010a270 00000020 T luaopen_debug
0010a290 00000058 T luaZ_fill
0010a2e8 00000040 T luaZ_lookahead
0010a328 0000001c T luaZ_init
0010a344 00000074 T luaZ_read
0010a3b8 0000006c T luaZ_openspace
0010a428 00000038 t setn
0010a460 0000002c t set2
0010a48c 000000b0 t tremove
0010a53c 000000bc t tinsert
0010a5f8 000000a4 t foreach
0010a69c 00000094 t maxn
0010a730 00000034 t getn
0010a764 000000b8 t foreachi
0010a81c 00000118 t tconcat
0010a934 00000088 t sort_comp
0010a9bc 000002c0 t auxsort
0010ac7c 00000080 t sort
0010acfc 00000020 T luaopen_table
0010ad20 000000e8 t setnodevector
0010ae08 00000060 t countint
0010ae68 00000060 t hashnum.isra.0
0010aec8 000000a4 t mainposition
0010af6c 0000006c t setarrayvector.isra.3
0010afd8 00000208 T luaH_next
0010b1e0 00000088 T luaH_new
0010b268 00000064 T luaH_free
0010b2cc 00000090 T luaH_getnum
0010b35c 0000005c T luaH_getstr
0010b3b8 0000009c T luaH_get
0010b454 00000064 T luaH_setnum
0010b4b8 000001b0 t resize
0010b668 00000024 T luaH_resizearray
0010b68c 000002f0 t newkey
0010b97c 00000068 T luaH_set
0010b9e4 0000005c T luaH_setstr
0010ba40 00000120 T luaH_getn
0010bb60 000000e8 T luaS_resize
0010bc48 000001a8 T luaS_newlstr
0010bdf0 00000078 T luaS_newudata
0010be68 0000001c t getS
0010be84 00000044 t emptybuffer
0010bec8 00000068 t errfile
0010bf30 0000003c t panic
0010bf6c 0000002c t l_alloc
0010bf98 00000084 t adjuststack.isra.0.part.1
0010c01c 00000070 t getF
0010c08c 00000074 T luaL_where
0010c100 00000054 T luaL_error
0010c154 000000d0 T luaL_argerror
0010c224 0000004c T luaL_typerror
0010c270 00000028 t tag_error
0010c298 00000078 T luaL_newmetatable
0010c310 00000088 T luaL_checkudata
0010c398 00000030 T luaL_checkstack
0010c3c8 00000030 T luaL_checktype
0010c3f8 00000030 T luaL_checkany
0010c428 00000038 T luaL_checklstring
0010c460 00000054 T luaL_optlstring
0010c4b4 00000094 T luaL_checkoption
0010c548 00000060 T luaL_checknumber
0010c5a8 00000040 T luaL_optnumber
0010c5e8 0000004c T luaL_checkinteger
0010c634 00000034 T luaL_optinteger
0010c668 00000074 T luaL_getmetafield
0010c6dc 0000007c T luaL_callmeta
0010c758 00000108 T luaL_findtable
0010c860 00000170 T luaL_openlib
0010c9d0 00000008 T luaL_register
0010c9d8 00000034 T luaL_prepbuffer
0010ca0c 0000005c T luaL_addlstring
0010ca68 00000028 T luaL_addstring
0010ca90 00000024 T luaL_pushresult
0010cab4 0000009c T luaL_gsub
0010cb50 000000b0 T luaL_addvalue
0010cc00 00000014 T luaL_buffinit
0010cc14 000000d0 T luaL_ref
0010cce4 0000007c T luaL_unref
0010cd60 000002d0 T luaL_loadfile
0010d030 00000024 T luaL_loadbuffer
0010d054 00000040 T luaL_loadstring
0010d094 00000030 T luaL_newstate
0010d0c8 000000fc t open_func
0010d1c4 000000ac t leaveblock
0010d270 000000a4 t breakstat
0010d314 00000070 t errorlimit
0010d384 00000034 t error_expected
0010d3b8 00000034 t str_checkname
0010d3ec 00000038 t checkname
0010d424 00000048 t field
0010d46c 00000024 t checknext
0010d490 00000218 t close_func
0010d6a8 0000002c t enterlevel
0010d6d4 0000013c t new_localvar
0010d810 00000278 t singlevaraux
0010da88 00000048 t singlevar
0010dad0 00000090 t check_match
0010db60 0000009c t adjust_assign.isra.11
0010dbfc 000000ec t recfield.isra.12
0010dce8 00000254 t constructor
0010df3c 00000174 t funcargs
0010e0b0 0000015c t primaryexp
0010e20c 00000a68 t chunk
0010ec74 00000388 t body
0010effc 00000414 t subexpr
0010f410 00000040 t cond
0010f450 0000003c t yindex
0010f48c 00000054 t listfield
0010f4e0 00000060 t explist1
0010f540 000001c4 t assignment
0010f704 00000034 t exp1
0010f738 0000004c t block
0010f784 00000038 t test_then_block
0010f7bc 000001c4 t forbody
0010f980 0000009c T luaY_parser
0010fa20 0000006c t l_strcmp
0010fa8c 000000ac t callTMres.isra.0
0010fb38 000000a0 t call_binTM
0010fbd8 000000c0 t call_orderTM
0010fc98 0000003c t luaV_tonumber.part.3
0010fcd4 00000190 t Arith
0010fe64 00000054 t luaV_tostring.part.4
0010feb8 0000009c t get_compTM.isra.2.constprop.6
0010ff54 00000024 T luaV_tonumber
0010ff78 00000018 T luaV_tostring
0010ff90 00000138 T luaV_gettable
001100c8 000001ac T luaV_settable
00110274 00000084 T luaV_lessthan
001102f8 00000104 T luaV_equalval
001103fc 0000027c T luaV_concat
00110678 00001250 T luaV_execute
001118c8 0000008c t need_value
00111954 000000a4 t patchtestreg
001119f8 0000005c t removevalues
00111a54 00000134 t addk
00111b88 0000005c t invertjump.isra.6
00111be4 00000058 t fixjump.isra.7
00111c3c 0000008c t patchlistaux
00111cc8 000000e4 t luaK_code
00111dac 00000024 t freeexp.isra.4.part.5
00111dd0 00000010 T luaK_getlabel
00111de0 00000068 T luaK_concat
00111e48 00000014 T luaK_patchtohere
00111e5c 00000044 T luaK_patchlist
00111ea0 0000004c T luaK_jump
00111eec 0000004c T luaK_checkstack
00111f38 00000020 T luaK_reserveregs
00111f58 00000028 T luaK_stringK
00111f80 00000028 T luaK_numberK
00111fa8 000000b4 T luaK_setreturns
0011205c 00000068 T luaK_setoneret
001120c4 00000018 T luaK_fixline
001120dc 00000028 T luaK_codeABC
00112104 000000a4 T luaK_nil
001121a8 00000028 T luaK_ret
001121d0 00000124 T luaK_dischargevars
001122f4 00000014 T luaK_codeABx
00112308 00000144 t discharge2reg
0011244c 00000158 t exp2reg
001125a4 00000054 T luaK_exp2nextreg
001125f8 00000064 T luaK_exp2anyreg
0011265c 00000018 T luaK_exp2val
00112674 0000010c T luaK_exp2RK
00112780 00000020 T luaK_indexed
001127a0 000001c8 t codearith
00112968 000000d0 t codecomp
00112a38 00000248 T luaK_posfix
00112c80 000000a8 T luaK_self
00112d28 000001a8 T luaK_prefix
00112ed0 000000d4 t jumponcond
00112fa4 000000b8 T luaK_goiftrue
0011305c 0000011c T luaK_infix
00113178 00000100 T luaK_storevar
00113278 00000094 T luaK_setlist
00113310 00000030 t error.isra.0
00113340 00000030 t LoadBlock
00113370 00000064 t LoadString
001133d4 0000004c t LoadInt
00113420 000004fc t LoadFunction
0011391c 00000050 T luaU_header
0011396c 000000ac T luaU_undump
00113a18 0000008c T luaD_seterrorobj
00113aa4 00000064 T luaD_rawrunprotected
00113b08 000000f0 T luaD_reallocstack
00113bf8 0000007c T luaD_reallocCI
00113c74 000000cc T luaD_throw
00113d40 00000058 t growCI
00113d98 0000001c T luaD_growstack
00113db4 00000070 t resume_error
00113e24 000000f0 t f_parser
00113f14 000000d8 T luaD_callhook
00113fec 00000120 T luaD_poscall
0011410c 000004c8 T luaD_precall
001145d4 0000009c t resume
00114670 000000b4 T luaD_call
00114724 000000a0 T lua_resume
001147c4 00000040 T lua_yield
00114804 000000bc T luaD_pcall
001148c0 00000068 T luaD_protectedparser
00114928 00000008 t f_call
00114930 00000088 t f_Ccall
001149b8 000000ec t index2adr
00114aa4 00000098 t aux_upvalue.isra.1
00114b3c 00000028 T luaA_pushobject
00114b64 00000070 T lua_checkstack
00114bd4 00000060 T lua_xmove
00114c34 00000010 T lua_atpanic
00114c44 00000048 T lua_newthread
00114c8c 00000014 T lua_gettop
00114ca0 0000004c T lua_settop
00114cec 00000044 T lua_remove
00114d30 0000004c T lua_insert
00114d7c 000000d8 T lua_replace
00114e54 0000002c T lua_pushvalue
00114e80 00000020 T lua_type
00114ea0 0000001c T lua_typename
00114ebc 00000030 T lua_iscfunction
00114eec 00000034 T lua_isnumber
00114f20 00000038 T lua_isstring
00114f58 00000020 T lua_isuserdata
00114f78 0000004c T lua_rawequal
00114fc4 00000078 T lua_equal
0011503c 00000050 T lua_lessthan
0011508c 0000004c T lua_tonumber
001150d8 00000048 T lua_tointeger
00115120 0000003c T lua_toboolean
0011515c 00000090 T lua_tolstring
001151ec 00000078 T lua_objlen
00115264 00000030 T lua_tocfunction
00115294 00000038 T lua_touserdata
001152cc 0000001c T lua_tothread
001152e8 00000060 T lua_topointer
00115348 00000018 T lua_pushnil
00115360 00000020 T lua_pushnumber
00115380 00000028 T lua_pushinteger
001153a8 00000058 T lua_pushlstring
00115400 00000044 T lua_pushstring
00115444 0000003c T lua_pushvfstring
00115480 00000050 T lua_pushfstring
001154d0 000000c8 T lua_pushcclosure
00115598 00000028 T lua_pushboolean
001155c0 00000020 T lua_pushlightuserdata
001155e0 00000038 T lua_pushthread
00115618 00000028 T lua_gettable
00115640 00000064 T lua_getfield
001156a4 00000034 T lua_rawget
001156d8 0000003c T lua_rawgeti
00115714 00000058 T lua_createtable
0011576c 00000064 T lua_getmetatable
001157d0 0000007c T lua_getfenv
0011584c 00000034 T lua_settable
00115880 00000068 T lua_setfield
001158e8 00000080 T lua_rawset
00115968 00000084 T lua_rawseti
001159ec 000000f0 T lua_setmetatable
00115adc 000000ac T lua_setfenv
00115b88 00000044 T lua_call
00115bcc 00000094 T lua_pcall
00115c60 0000003c T lua_cpcall
00115c9c 00000048 T lua_load
00115ce4 00000050 T lua_dump
00115d34 00000008 T lua_status
00115d3c 000000f4 T lua_gc
00115e30 00000010 T lua_error
00115e40 00000038 T lua_next
00115e78 000000a0 T lua_concat
00115f18 0000001c T lua_getallocf
00115f34 00000010 T lua_setallocf
00115f44 00000080 T lua_newuserdata
00115fc4 0000005c T lua_getupvalue
00116020 000000a0 T lua_setupvalue
001160c0 0000010c t reallymarkobject
001161cc 00000048 t markmt
00116214 000000e8 t GCTM
001162fc 00000168 t sweeplist
00116464 00000710 t propagatemark
00116b74 00000050 t iscleared.isra.1
00116bc4 000000a4 t markroot.isra.2
00116c68 000000c8 T luaC_separateudata
00116d30 00000430 t singlestep
00117160 00000034 T luaC_callGCTM
00117194 00000058 T luaC_freeall
001171ec 000000ac T luaC_step
00117298 000000a4 T luaC_fullgc
0011733c 00000034 T luaC_barrierf
00117370 00000020 T luaC_barrierback
00117390 00000024 T luaC_link
001173b4 00000078 T luaC_linkupval
0011742c 00000374 t PrintConstant.isra.1
001177a0 0000068c T luaU_print
00117e2c 00000050 T luaF_newCclosure
00117e7c 00000078 T luaF_newLclosure
00117ef4 00000044 T luaF_newupval
00117f38 000000d4 T luaF_findupval
0011800c 0000002c T luaF_freeupval
00118038 00000094 T luaF_close
001180cc 00000084 T luaF_newproto
00118150 000000b4 T luaF_freeproto
00118204 00000024 T luaF_freeclosure
00118228 00000070 T luaF_getlocalname
00118298 00000028 t DumpBlock.part.0
001182c0 0000009c t DumpString
0011835c 0000005c t DumpVector.constprop.3
001183b8 00000418 t DumpFunction
001187d0 0000006c T luaU_dump
0011883c 00000078 t graphicsRectangle
001188b4 00000028 T initLoveGraphics
001188dc 00000020 t timerFPS
001188fc 00000028 T initLoveTimer
00118924 00000064 t apt_hook_func
00118988 000001b4 t sf2d_init_advanced.part.0
00118b3c 00000028 T sf2d_init
00118b64 00000020 T sf2d_init_advanced
00118b84 00000064 T sf2d_fini
00118be8 0000000c T sf2d_set_3D
00118bf4 00000190 T sf2d_start_frame
00118d84 00000118 T sf2d_end_frame
00118e9c 000000b0 T sf2d_swapbuffers
00118f4c 00000010 T sf2d_set_vblank_wait
00118f5c 00000010 T sf2d_get_fps
00118f6c 0000002c T sf2d_pool_malloc
00118f98 00000040 T sf2d_pool_memalign
00118fd8 00000018 T sf2d_pool_space_free
00118ff0 00000014 T sf2d_pool_reset
00119004 00000010 T sf2d_set_clear_color
00119014 0000004c T sf2d_set_scissor_test
00119060 00000010 T sf2d_get_current_screen
00119070 00000010 T sf2d_get_current_side
00119080 000001d4 T sf2d_draw_line
00119254 000001b4 T sf2d_draw_rectangle
00119408 00000250 T sf2d_draw_rectangle_rotate
00119658 000001e4 T sf2d_draw_fill_circle
0011983c 00000034 T GPU_SetDummyTexEnv
00119870 00000084 T vector_mult_matrix4x4
001198f4 00000050 T matrix_gpu_set_uniform
00119944 0000003c T matrix_copy
00119980 0000004c T matrix_identity4x4
001199cc 00000074 T matrix_mult4x4
00119a40 00000074 T matrix_set_z_rotation
00119ab4 00000060 T matrix_rotate_z
00119b14 0000004c T matrix_set_scaling
00119b60 000000a0 T matrix_swap_xy
00119c00 00000114 T matrix_init_orthographic
00119d14 00000020 T next_pow2
00119d34 00000024 t addrMapNodeComparator(rbtree_node const*, rbtree_node const*)
00119d58 00000004 t addrMapNodeDestructor(rbtree_node*)
00119d5c 00000130 T vramMemAlign
00119e8c 00000008 T vramAlloc
00119e94 00000008 T vramRealloc
00119e9c 00000050 T vramFree
00119eec 0000000c T vramSpaceFree
00119ef8 00000024 t addrMapNodeComparator(rbtree_node const*, rbtree_node const*)
00119f1c 00000004 t addrMapNodeDestructor(rbtree_node*)
00119f20 00000140 T linearMemAlign
0011a060 00000008 T linearAlloc
0011a068 00000008 T linearRealloc
0011a070 00000050 T linearFree
0011a0c0 0000000c T linearSpaceFree
0011a0cc 000000a0 T MemPool::CoalesceRight(MemBlock*)
0011a16c 00000188 T MemPool::Allocate(MemChunk&, unsigned long, int)
0011a2f4 00000104 T MemPool::Deallocate(MemChunk const&)
0011a3f8 00000030 T MemPool::GetFreeSpace()
0011a428 00000058 t getSysTime
0011a480 0000004c T osConvertVirtToPhys
0011a4cc 00000020 T osConvertOldLINEARMemToNew
0011a4ec 000000f8 T __libctru_gtod
0011a5e4 00000074 T osGetTime
0011a658 00000014 T osGetFirmVersion
0011a66c 00000014 T osGetKernelVersion
0011a680 00000020 T osStrError
0011a6a0 00000010 T osGetWifiStrength
0011a6b0 0000001c T debug_write
0011a6cc 0000000c T consoleGetDefault
0011a6d8 00000084 T consoleDebugInit
0011a75c 00000018 T consoleSelect
0011a774 0000001c T consoleSetFont
0011a790 000001ac T consoleDrawChar
0011a93c 00000128 T consolePrintChar
0011aa64 00000184 t consoleCls
0011abe8 000000f8 T consoleInit
0011ace0 00000138 t consoleClearLine
0011ae18 000000c4 t newRow
0011aedc 00000804 T con_write
0011b6e0 0000000c T consoleClear
0011b6ec 00000038 T consoleSetWindow
0011b724 0000008c t gfxSetFramebufferInfo.part.0
0011b7b0 00000010 T gfxSet3D
0011b7c0 00000018 T gfxSetScreenFormat
0011b7d8 00000018 T gfxGetScreenFormat
0011b7f0 00000014 T gfxSetDoubleBuffering
0011b804 00000070 T gfxSetFramebufferInfo
0011b874 000000c4 T gfxWriteFramebufferInfo
0011b938 000001e0 T gfxInit
0011bb18 00000010 T gfxInitDefault
0011bb28 000000cc T gfxExit
0011bbf4 000000b0 T gfxGetFramebuffer
0011bca4 000000dc T gfxFlushBuffers
0011bd80 00000074 T gfxSwapBuffers
0011bdf4 0000005c T gfxSwapBuffersGpu
0011be50 00000208 T shaderInstanceInit
0011c058 00000038 T shaderInstanceFree
0011c090 00000040 T shaderInstanceSetBool
0011c0d0 0000004c T shaderInstanceGetBool
0011c11c 00000020 T shaderInstanceGetUniformLocation
0011c13c 00000018 T shaderProgramInit
0011c154 00000030 T shaderProgramFree
0011c184 0000006c T shaderProgramSetVsh
0011c1f0 00000074 T shaderProgramSetGsh
0011c264 000003e0 T shaderProgramUse
0011c644 0000003c T DVLB_Free
0011c680 0000007c T DVLE_GetUniformRegister
0011c6fc 000000f8 T DVLE_GenerateOutmap
0011c7f4 00000198 T DVLB_ParseFile
0011c990 00000028 t f32tof24.part.0
0011c9b8 0000002c T GPU_Init
0011c9e4 0000002c T GPUCMD_SetBuffer
0011ca10 00000010 T GPUCMD_SetBufferOffset
0011ca20 00000040 T GPUCMD_GetBuffer
0011ca60 0000004c T GPUCMD_AddRawCommands
0011caac 00000060 T GPUCMD_Run
0011cb0c 00000074 T GPUCMD_FlushAndRun
0011cb80 000000e4 T GPUCMD_Add
0011cc64 00000098 T GPUCMD_Finalize
0011ccfc 000007e0 T GPU_Reset
0011d4dc 00000078 T GPU_SetFloatUniform
0011d554 00000018 T f32tof24
0011d56c 000000a8 T computeInvValue
0011d614 0000021c T GPU_SetViewport
0011d830 0000004c T GPU_SetScissorTest
0011d87c 00000098 T GPU_DepthMap
0011d914 00000038 T GPU_SetAlphaTest
0011d94c 00000048 T GPU_SetStencilTest
0011d994 00000034 T GPU_SetStencilOp
0011d9c8 00000038 T GPU_SetDepthTestAndWriteMask
0011da00 00000068 T GPU_SetAlphaBlending
0011da68 00000044 T GPU_SetColorLogicOp
0011daac 0000003c T GPU_SetBlendingColor
0011dae8 0000004c T GPU_SetTextureEnable
0011db34 00000198 T GPU_SetTexture
0011dccc 00000094 T GPU_SetTextureBorderColor
0011dd60 000001fc T GPU_SetAttributeBuffers
0011df5c 0000002c T GPU_SetAttributeBuffersAddress
0011df88 0000002c T GPU_SetFaceCulling
0011dfb4 00000078 T GPU_SetTexEnv
0011e02c 00000114 T GPU_DrawArray
0011e140 0000011c T GPU_DrawElements
0011e25c 0000005c T GPU_FinishDrawing
0011e2b8 00000048 T GPU_SetShaderOutmap
0011e300 000000b8 T GPU_SendShaderCode
0011e3b8 00000074 T GPU_SendOperandDescriptors
0011e430 0000010c t gspEventThreadMain
0011e53c 00000014 T gspInit
0011e550 00000018 T gspExit
0011e568 000000cc T gspInitEventHandler
0011e634 00000058 T gspExitEventHandler
0011e68c 00000058 T gspWaitForEvent
0011e6e4 00000070 T GSPGPU_WriteHWRegs
0011e754 0000008c T GSPGPU_WriteHWRegsWithMask
0011e7e0 00000070 T GSPGPU_ReadHWRegs
0011e850 00000074 T GSPGPU_SetBufferSwap
0011e8c4 00000054 T GSPGPU_FlushDataCache
0011e918 00000054 T GSPGPU_InvalidateDataCache
0011e96c 0000003c T GSPGPU_SetLcdForceBlack
0011e9a8 00000034 T GSPGPU_TriggerCmdReqQueue
0011e9dc 0000006c T GSPGPU_RegisterInterruptRelayQueue
0011ea48 00000034 T GSPGPU_UnregisterInterruptRelayQueue
0011ea7c 00000050 T GSPGPU_AcquireRight
0011eacc 00000034 T GSPGPU_ReleaseRight
0011eb00 00000084 T GSPGPU_ImportDisplayCaptureInfo
0011eb84 00000034 T GSPGPU_SaveVramSysArea
0011ebb8 00000034 T GSPGPU_RestoreVramSysArea
0011ebec 0000010c T GSPGPU_SubmitGxCommand
0011ecf8 000000a4 T hidExit
0011ed9c 00000058 T hidWaitForEvent
0011edf4 0000003c T hidCheckSectionUpdateTime
0011ee30 00000234 T hidScanInput
0011f064 00000010 T hidKeysHeld
0011f074 00000010 T hidKeysDown
0011f084 00000010 T hidKeysUp
0011f094 00000018 T hidTouchRead
0011f0ac 00000018 T hidCircleRead
0011f0c4 00000020 T hidAccelRead
0011f0e4 00000020 T hidGyroRead
0011f104 00000090 T HIDUSER_GetHandles
0011f194 00000134 T hidInit
0011f2c8 0000002c T HIDUSER_EnableAccelerometer
0011f2f4 0000002c T HIDUSER_DisableAccelerometer
0011f320 0000002c T HIDUSER_EnableGyroscope
0011f34c 0000002c T HIDUSER_DisableGyroscope
0011f378 0000003c T HIDUSER_GetGyroscopeRawToDpsCoefficient
0011f3b4 00000038 T HIDUSER_GetSoundVolume
0011f3ec 00000064 t __apt_initservicehandle
0011f450 00000004 W _aptDebug
0011f454 000000b0 T aptInitCaptureInfo
0011f504 00000028 T aptWaitStatusEvent
0011f52c 00000038 T aptHook
0011f564 0000002c T aptUnhook
0011f590 00000038 T aptGetStatus
0011f5c8 00000064 T aptSetStatus
0011f62c 00000038 T aptGetStatusPower
0011f664 00000038 T aptSetStatusPower
0011f69c 00000024 T aptOpenSession
0011f6c0 00000028 T aptCloseSession
0011f6e8 00000010 T aptSignalReadyForSleep
0011f6f8 00000050 T APT_GetLockHandle
0011f748 00000068 T APT_Initialize
0011f7b0 0000003c T APT_Finalize
0011f7ec 00000034 T APT_HardwareResetAsync
0011f820 0000003c T APT_Enable
0011f85c 00000080 T APT_GetAppletManInfo
0011f8dc 0000003c T aptGetMenuAppID
0011f918 00000050 T APT_IsRegistered
0011f968 00000050 T APT_InquireNotification
0011f9b8 00000034 T APT_PrepareToJumpToHomeMenu
0011f9ec 00000050 T APT_JumpToHomeMenu
0011fa3c 0000003c T APT_PrepareToJumpToApplication
0011fa78 00000050 T APT_JumpToApplication
0011fac8 0000003c T APT_NotifyToWait
0011fb04 00000088 T APT_AppletUtility
0011fb8c 00000120 T aptAppletUtility_Exit_RetToApp
0011fcac 00000044 T aptAppletClosed
0011fcf0 000000f8 t aptAppStarted
0011fde8 000001b8 T aptInit
0011ffa0 00000074 T APT_GlanceParameter
00120014 00000074 T APT_ReceiveParameter
00120088 00000070 T APT_SendParameter
001200f8 0000004c T APT_SendCaptureBufferInfo
00120144 000001d4 T aptReturnToMenu
00120318 00000040 T APT_ReplySleepQuery
00120358 0000003c T APT_ReplySleepNotificationComplete
00120394 0000030c T aptEventHandler
001206a0 0000003c T APT_PrepareToCloseApplication
001206dc 00000058 T APT_CloseApplication
00120734 000001ec T aptExit
00120920 00000044 T APT_SetAppCpuTimeLimit
00120964 00000054 T APT_GetAppCpuTimeLimit
001209b8 0000005c T APT_CheckNew3DS_Application
00120a14 0000005c T APT_CheckNew3DS_System
00120a70 00000074 T APT_CheckNew3DS
00120ae4 0000004c T APT_PrepareToDoAppJump
00120b30 00000068 T APT_DoAppJump
00120b98 0000003c T APT_PrepareToStartLibraryApplet
00120bd4 00000060 T APT_StartLibraryApplet
00120c34 00000104 T aptAppletStarted
00120d38 00000178 T aptMainLoop
00120eb0 00000198 T APT_LaunchLibraryApplet
00121048 0000003c T APT_PrepareToStartSystemApplet
00121084 00000060 T APT_StartSystemApplet
001210e4 00000054 T GX_RequestDma
00121138 00000068 T GX_SetCommandList_Last
001211a0 00000074 T GX_SetMemoryFill
00121214 00000064 T GX_SetDisplayTransfer
00121278 00000068 T GX_SetTextureCopy
001212e0 00000068 T GX_SetCommandList_First
00121348 00000014 T rbtree_init
0012135c 000001e4 t do_insert
00121540 00000008 T rbtree_insert
00121548 00000008 T rbtree_insert_multi
00121550 000000ac T rbtree_rotate
001215fc 00000340 T rbtree_remove
0012193c 00000070 T rbtree_find
001219ac 0000004c W __libctru_init
001219f8 000000a4 W __system_allocateHeaps
00121a9c 000000f4 T __system_initArgv
00121b90 T svcControlMemory
00121bb0 T svcQueryMemory
00121be0 T svcExitProcess
00121be8 T svcCreateThread
00121c08 T svcExitThread
00121c10 T svcSleepThread
00121c18 T svcGetThreadPriority
00121c2c T svcSetThreadPriority
00121c34 T svcGetThreadAffinityMask
00121c3c T svcSetThreadAffinityMask
00121c44 T svcGetThreadIdealProcessor
00121c58 T svcSetThreadIdealProcessor
00121c60 T svcGetProcessorID
00121c68 T svcCreateMutex
00121c7c T svcReleaseMutex
00121c84 T svcCreateSemaphore
00121c98 T svcReleaseSemaphore
00121cac T svcCreateEvent
00121cc0 T svcSignalEvent
00121cc8 T svcClearEvent
00121cd0 T svcCreateTimer
00121ce4 T svcSetTimer
00121cec T svcCancelTimer
00121cf4 T svcClearTimer
00121cfc T svcCreateMemoryBlock
00121d14 T svcMapMemoryBlock
00121d1c T svcUnmapMemoryBlock
00121d24 T svcCreateAddressArbiter
00121d38 T svcArbitrateAddress
00121d58 T svcCloseHandle
00121d60 T svcWaitSynchronization
00121d68 T svcWaitSynchronizationN
00121d90 T svcDuplicateHandle
00121da4 T svcGetSystemTick
00121dac T svcGetSystemInfo
00121dc4 T svcGetProcessInfo
00121ddc T svcGetThreadInfo
00121df4 T svcConnectToPort
00121e08 T svcSendSyncRequest
00121e10 T svcOpenProcess
00121e24 T svcOpenThread
00121e38 T svcGetProcessId
00121e4c T svcGetProcessIdOfThread
00121e60 T svcGetThreadId
00121e74 T svcOutputDebugString
00121e7c T svcCreatePort
00121e9c T svcDebugActiveProcess
00121eb0 T svcBreakDebugProcess
00121eb8 T svcTerminateDebugProcess
00121ec0 T svcGetProcessDebugEvent
00121ec8 T svcContinueDebugEvent
00121ed0 T svcGetProcessList
00121ef0 T svcReadProcessMemory
00121ef8 T svcWriteProcessMemory
00121f00 T svcControlProcessMemory
00121f18 T svcMapProcessMemory
00121f20 T svcUnmapProcessMemory
00121f28 T svcBackdoor
00121f30 T svcQueryProcessMemory
00121f60 T initSystem
00121fa4 T __ctru_exit
00121fc4 00000098 T __get_handle_from_list
0012205c 00000054 T __destroy_handle_list
001220b0 00000028 T srvExit
001220d8 0000000c T srvGetSessionHandle
001220e4 00000038 T srvRegisterClient
0012211c 00000068 T srvInit
00122184 00000080 T srvGetServiceHandle
00122204 0000005c T srvRegisterService
00122260 0000004c T srvUnregisterService
001222ac 00000054 T srvPmInit
00122300 00000048 T srvRegisterProcess
00122348 00000034 T srvUnregisterProcess
0012237c 0000004c T irrstWaitForEvent
001223c8 0000003c T irrstCheckSectionUpdateTime
00122404 000000b4 T irrstScanInput
001224b8 00000018 T irrstKeysHeld
001224d0 00000018 T irrstCstickRead
001224e8 00000050 T IRRST_GetHandles
00122538 00000038 T IRRST_Initialize
00122570 000000e4 T irrstInit
00122654 0000002c T IRRST_Shutdown
00122680 00000084 T irrstExit
00122704 0000008c T rbtree_node_next
00122790 0000008c T rbtree_node_prev
0012281c 00000020 W __appInit
0012283c 0000001c W __appExit
00122858 00000090 W __libctru_exit
001228e8 00000010 t sdmc_link
001228f8 00000010 t sdmc_dirreset
00122908 00000010 t sdmc_chmod
00122918 00000010 t sdmc_fchmod
00122928 00000024 t error_cmp
0012294c 00000050 t sdmc_translate_error
0012299c 00000030 t sdmc_fsync
001229cc 00000050 t sdmc_ftruncate
00122a1c 000000c0 t sdmc_statvfs
00122adc 00000034 t sdmc_dirclose
00122b10 000000dc t sdmc_dirnext
00122bec 00000030 t sdmc_close
00122c1c 0000006c t sdmc_fstat
00122c88 000000bc t sdmc_seek
00122d44 00000090 t sdmc_read
00122dd4 0000010c t sdmc_write
00122ee0 000001a8 t sdmc_utf16path
00123088 00000080 t sdmc_rmdir
00123108 0000009c t sdmc_diropen
001231a4 000000a8 t sdmc_chdir
0012324c 00000080 t sdmc_mkdir
001232cc 0000013c t sdmc_rename
00123408 00000080 t sdmc_unlink
00123488 00000134 t sdmc_stat
001235bc 000001a8 t sdmc_open
00123764 00000130 T sdmcInit
00123894 00000050 T sdmcExit
001238e4 0000002c T FS_makePath
00123910 00000024 T fsExit
00123934 0000000c T fsGetSessionHandle
00123940 00000074 T FSUSER_Initialize
001239b4 0000006c T fsInit
00123a20 000000ac T FSUSER_OpenFile
00123acc 000000cc T FSUSER_OpenFileDirectly
00123b98 00000088 T FSUSER_DeleteFile
00123c20 000000c4 T FSUSER_RenameFile
00123ce4 00000088 T FSUSER_DeleteDirectory
00123d6c 00000088 T FSUSER_DeleteDirectoryRecursively
00123df4 00000098 T FSUSER_CreateFile
00123e8c 0000008c T FSUSER_CreateDirectory
00123f18 000000c4 T FSUSER_RenameDirectory
00123fdc 00000094 T FSUSER_OpenDirectory
00124070 00000088 T FSUSER_OpenArchive
001240f8 00000058 T FSUSER_CloseArchive
00124150 0000007c T FSUSER_GetSdmcArchiveResource
001241cc 0000007c T FSUSER_GetNandArchiveResource
00124248 0000004c T FSUSER_IsSdmcDetected
00124294 0000004c T FSUSER_IsSdmcWritable
001242e0 00000044 T FSFILE_Close
00124324 0000005c T FSFILE_Read
00124380 00000064 T FSFILE_Write
001243e4 00000040 T FSFILE_GetSize
00124424 0000002c T FSFILE_SetSize
00124450 00000038 T FSFILE_GetAttributes
00124488 00000028 T FSFILE_SetAttributes
001244b0 00000024 T FSFILE_Flush
001244d4 00000054 T FSDIR_Read
00124528 00000044 T FSDIR_Close
0012456c 000000b8 T utf8_to_utf16
00124624 00000138 T decode_utf8
0012475c 000000e8 T utf16_to_utf8
00124844 00000068 T encode_utf16
001248ac 00000104 T encode_utf8
001249b0 00000060 T decode_utf16
00124a10 T __aeabi_uidiv
00124a10 000001ec T __udivsi3
00124a10 t .udivsi3_skip_div0_test
00124bfc 00000020 T __aeabi_uidivmod
00124c1c T __aeabi_idiv
00124c1c 00000220 T __divsi3
00124c24 t .divsi3_skip_div0_test
00124e3c 00000020 T __aeabi_idivmod
00124e5c 00000004 W __aeabi_idiv0
00124e5c 00000004 W __aeabi_ldiv0
00124e60 0000019c T __aeabi_frsub
00124e68 00000194 T __aeabi_fsub
00124e68 00000194 T __subsf3
00124e6c 00000190 T __addsf3
00124e6c 00000190 T __aeabi_fadd
00124ffc 00000028 T __aeabi_ui2f
00124ffc 00000028 T __floatunsisf
00125004 00000020 T __aeabi_i2f
00125004 00000020 T __floatsisf
00125024 0000008c T __aeabi_ul2f
00125024 0000008c T __floatundisf
00125034 0000007c T __aeabi_l2f
00125034 0000007c T __floatdisf
001250b0 00000014 T setjmp
001250c4 00000018 T longjmp
001250e8 00000390 T strcmp
00125480 00000018 T setDefaultDevice
00125498 000000ac T FindDevice
00125544 0000002c T RemoveDevice
00125570 00000094 T AddDevice
00125604 00000024 T GetDeviceOpTab
00125628 0000007c T _close_r
001256a4 0000006c T _fstat_r
00125710 00000010 T _getpid_r
00125720 0000002c T _gettimeofday_r
0012574c 00000008 T _isatty_r
00125754 00000074 T _lseek_r
001257c8 000000c8 T _open_r
00125890 00000074 T _read_r
00125904 00000070 T _sbrk_r
00125974 00000010 T _times_r
00125984 0000005c T _unlink_r
001259e0 00000074 T _write_r
00125a54 00000020 T _exit
00125a74 000001bc T _concatenate_path
00125c30 00000148 T chdir
00125d78 000000a0 T getcwd
00125e18 00000078 T _rename_r
00125e90 00000004 T __flockfile
00125e94 00000004 T __funlockfile
00125e98 00000018 T __libc_lock_init
00125eb0 00000018 T __libc_lock_acquire
00125ec8 00000024 T __libc_lock_try_acquire
00125eec 00000018 T __libc_lock_release
00125f04 00000018 T __libc_lock_close
00125f1c 00000018 T __libc_lock_init_recursive
00125f34 00000018 T __libc_lock_acquire_recursive
00125f4c 00000024 T __libc_lock_try_acquire_recursive
00125f70 00000018 T __libc_lock_release_recursive
00125f88 00000018 T __libc_lock_close_recursive
00125fa0 00000044 T __free_handle
00125fe4 0000002c T __release_handle
00126010 00000068 T __alloc_handle
00126078 0000001c T __get_handle
00126094 0000008c T dup
00126120 000000d4 T dup2
001261f4 00000028 T __getreent
0012621c T __aeabi_uldivmod
00126258 0000003c T __gnu_ldivmod_helper
00126294 0000003c T __gnu_uldivmod_helper
001262d0 00000180 T __divdi3
00126450 00000124 T __udivdi3
00126574 0000010c T main
00126680 00000284 T atan
00126908 00000180 T ceil
00126a88 000000b0 T cos
00126b38 00000010 T fabs
00126b48 000000a8 T cosf
00126bf0 00000180 T floor
00126d70 00000094 T frexp
00126e08 000000b0 T sinf
00126eb8 00000094 T ldexp
00126f4c 000000d4 T modf
00127020 00000194 T scalbn
001271b8 000000b8 T sin
00127270 000000f4 T tanh
00127368 00000088 T tan
001273f0 000000fc T acos
001274f0 000000fc T asin
001275f0 00000004 T atan2
001275f8 00000110 T cosh
00127708 00000158 T exp
00127860 00000110 T fmod
00127970 00000174 T log10
00127ae4 00000164 T log
00127c48 000003bc T pow
00128008 00000118 T sinh
00128120 000002e4 T __ieee754_acos
00128408 00000274 T __ieee754_asin
00128680 0000026c T __ieee754_atan2
001288f0 00000144 T __ieee754_cosh
00128a38 00000280 T __ieee754_exp
00128cb8 00000370 T __ieee754_fmod
00129028 000002e0 T __ieee754_rem_pio2f
00129308 00000144 T __ieee754_log10
00129450 000002f0 T __ieee754_log
00129740 0000087c T __ieee754_pow
00129fc0 00000304 T __ieee754_rem_pio2
0012a2c8 00000178 T __ieee754_sinh
0012a440 00000200 T __ieee754_sqrt
0012a640 00000158 T __kernel_cos
0012a798 00000124 T __kernel_cosf
0012a8bc 00000838 T __kernel_rem_pio2f
0012b0f4 000000a0 T __kernel_sinf
0012b198 00000898 T __kernel_rem_pio2
0012ba30 000000c0 T __kernel_sin
0012baf0 00000260 T __kernel_tan
0012bd50 0000001c T copysign
0012bd70 000003a0 T expm1
0012c110 00000010 T fabsf
0012c120 000000b8 T floorf
0012c1d8 00000014 T finite
0012c1ec 00000074 T __fpclassifyd
0012c260 00000118 T scalbnf
0012c378 00000008 T matherr
0012c380 00000010 T nan
0012c390 00000170 T rint
0012c500 0000001c T copysignf
0012c51c 00000078 T bsearch
0012c594 00000040 T clock
0012c5d4 00000018 T __set_ctype
0012c5ec 00000010 T difftime
0012c5fc 0000000c T __errno
0012c608 00000034 T exit
0012c63c 00000118 T _fclose_r
0012c754 00000018 T fclose
0012c76c 00000238 T __sflush_r
0012c9a4 00000098 T _fflush_r
0012ca3c 00000038 T fflush
0012ca74 000001a0 T _fgets_r
0012cc14 00000028 T fgets
0012cc3c 0000000c T _cleanup_r
0012cc48 0000001c t __fp_lock
0012cc64 0000001c t __fp_unlock
0012cc80 0000015c t __sinit.part.1
0012cddc 00000048 T __sfmoreglue
0012ce24 000000e8 T __sfp
0012cf0c 00000018 T _cleanup
0012cf24 00000010 T __sinit
0012cf34 00000004 T __sfp_lock_acquire
0012cf38 00000004 T __sfp_lock_release
0012cf3c 00000004 T __sinit_lock_acquire
0012cf40 00000004 T __sinit_lock_release
0012cf44 00000018 T __fp_lock_all
0012cf5c 00000018 T __fp_unlock_all
0012cf74 00000040 T __libc_fini_array
0012cfb4 00000130 T _fopen_r
0012d0e4 00000020 T fopen
0012d104 00000030 T _fprintf_r
0012d134 0000003c T fprintf
0012d170 000000a4 T _fputc_r
0012d214 00000094 T fputc
0012d2a8 000000e8 T _fputs_r
0012d390 00000020 T fputs
0012d3b0 000002f0 T _fread_r
0012d6a0 00000038 T fread
0012d6d8 000000f8 T _malloc_trim_r
0012d7d0 000002b4 T _free_r
0012da84 0000003c T fscanf
0012dac0 00000030 T _fscanf_r
0012daf0 00000004 T _fseek_r
0012daf4 00000028 T fseek
0012db1c 000004f8 T _fseeko_r
0012e014 00000028 T fseeko
0012e03c 00000004 T _ftell_r
0012e040 00000018 T ftell
0012e058 00000164 T _ftello_r
0012e1bc 00000018 T ftello
0012e1d4 000004c4 T __sfvwrite_r
0012e698 00000078 T _fwalk
0012e710 00000080 T _fwalk_reent
0012e790 0000011c T _fwrite_r
0012e8ac 00000038 T fwrite
0012e8e4 00000020 T _findenv
0012e904 00000024 T getenv
0012e928 000000c8 T _findenv_r
0012e9f0 00000018 T _getenv_r
0012ea08 0000001c T gmtime
0012ea24 0000020c T gmtime_r
0012ec30 00000078 T __libc_init_array
0012eca8 00000038 T iprintf
0012ece0 00000034 T _iprintf_r
0012ed14 0000001c T localtime
0012ed30 00000378 T localtime_r
0012f0a8 0000008c t __get_locale_env
0012f134 000008a4 t loadlocale
0012f9d8 00000088 t currentlocale
0012fa60 00000300 T _setlocale_r
0012fd60 0000000c T __locale_charset
0012fd6c 00000010 T __locale_mb_cur_max
0012fd7c 0000000c T __locale_msgcharset
0012fd88 00000010 T __locale_cjk_lang
0012fd98 0000000c T _localeconv_r
0012fda4 00000020 T setlocale
0012fdc4 00000014 T localeconv
0012fdd8 00000160 T __smakebuf_r
0012ff38 00000018 T malloc
0012ff50 00000018 T free
0012ff68 00000740 T _malloc_r
001306a8 000002fc T __utf8_mbtowc
001309a4 0000004c T _mbtowc_r
001309f0 0000004c T __ascii_mbtowc
00130a3c 000000d4 T __sjis_mbtowc
00130b10 00000140 T __eucjp_mbtowc
00130c50 000001a8 T __jis_mbtowc
00130df8 00000120 T memchr
00130f18 000000a8 T memcmp
00130fc0 000000f4 T memcpy
001310b4 0000012c T memmove
001311e0 000000f0 T memset
001312d0 0000032c t validate_structure
001315fc 000004e8 T mktime
00131ae4 00000004 T __malloc_lock
00131ae8 00000004 T __malloc_unlock
00131aec 00000034 T _printf_r
00131b20 00000038 T printf
00131b58 00000008 T _putchar_r
00131b60 0000001c T putchar
00131b7c 000000f8 T _putc_r
00131c74 000000fc T putc
00131d70 0000001c T srand
00131d8c 00000044 T rand
00131dd0 00000020 T realloc
00131df0 00000564 T _realloc_r
00132354 0000001c t lflush
00132370 000001d8 T __srefill_r
00132548 0000001c T _remove_r
00132564 00000028 T remove
0013258c 00000020 T rename
001325ac 00000050 T __srget_r
001325fc 00000018 T __srget
00132614 000001e8 T setvbuf
001327fc 00000068 T _sprintf_r
00132864 00000068 T sprintf
001328cc 00000074 T sscanf
00132940 00000080 T _sscanf_r
001329c0 00000030 T __sread
001329f0 00000008 T __seofread
001329f8 00000054 T __swrite
00132a4c 0000002c T __sseek
00132a78 00000008 T __sclose
00132a80 00000068 T strcasecmp
00132ae8 00000080 T strcat
00132b68 0000016c T strchr
00132cd4 00000004 T strcoll
00132cd8 000000f0 T strcpy
00132dc8 00000060 T strcspn
00132e28 0000063c T _strerror_r
00133464 00000020 T strerror
00133484 0000017c t iso_year_adjust
00133600 00000f2c T strftime
0013452c 00000048 T strlcpy
00134574 0000005c T strlen
001345d0 0000008c T strncasecmp
0013465c 000000a4 T strncat
00134700 00000110 T strncmp
00134810 000000e0 T strncpy
001348f0 00000080 T strpbrk
00134970 00000044 T strrchr
001349b4 00000110 t critical_factorization
00134ac4 00000398 t two_way_long_needle
00134e5c 00000370 T strstr
001351cc 00000058 t sulp
00135228 000013e8 T _strtod_r
00136610 00000020 T strtod
00136630 00000048 T strtof
00136678 000001dc T _strtol_r
00136854 00000028 T strtol
0013687c 000001cc T _strtoul_r
00136a48 00000028 T strtoul
00136a70 00000860 t get_arg
001372d0 00004320 T _svfprintf_r
0013b5f0 00002aec T __ssvfscanf_r
0013e0dc 0000002c T _system_r
0013e108 0000002c T system
0013e134 0000002c T __get_current_time_locale
0013e160 00000048 T __time_load_locale
0013e1a8 00000040 T time
0013e1e8 000000a8 T _tmpfile_r
0013e290 00000010 T tmpfile
0013e2a0 0000009c t worker
0013e33c 00000058 T _tmpnam_r
0013e394 000000bc T _tempnam_r
0013e450 00000020 T tempnam
0013e470 00000018 T tmpnam
0013e488 00000234 T __tzcalc_limits
0013e6bc 00000004 T __tz_lock
0013e6c0 00000004 T __tz_unlock
0013e6c4 000000a8 T __submore
0013e76c 00000238 T _ungetc_r
0013e9a4 00000020 T ungetc
0013e9c4 00000008 T _user_strerror
0013e9cc 00000860 t get_arg
0013f22c 000000a4 t __sprint_r.part.0
0013f2d0 0000001c T __sprint_r
0013f2ec 00003114 T _vfiprintf_r
00142400 00000028 T vfiprintf
00142428 000000a8 t __sbprintf
001424d0 00000860 t get_arg
00142d30 00004404 T _vfprintf_r
00147138 00000028 T vfprintf
00147160 000000a8 t __sbprintf
00147208 00002b5c T __svfscanf_r
00149d64 00000044 T vfscanf
00149da8 00000028 T __svfscanf
00149dd0 00000038 T _vfscanf_r
00149e08 00000124 T __swbuf_r
00149f2c 00000020 T __swbuf
00149f4c 0000008c T _wcrtomb_r
00149fd8 00000094 T wcrtomb
0014a06c 00000020 T _wcsrtombs_r
0014a08c 0000003c T wcsrtombs
0014a0c8 00000114 T __utf8_wctomb
0014a1dc 00000048 T _wctomb_r
0014a224 00000028 T __ascii_wctomb
0014a24c 00000084 T __sjis_wctomb
0014a2d0 000000c8 T __eucjp_wctomb
0014a398 000000d4 T __jis_wctomb
0014a46c 0000014c T __swsetup_r
0014a5b8 0000000c T abs
0014a5c4 0000015c T __call_exitprocs
0014a720 00000060 T div
0014a780 000001c0 t quorem
0014a940 000012dc T _dtoa_r
0014bc20 00000004 T __env_lock
0014bc24 00000004 T __env_unlock
0014bc28 0000012c T _fdopen_r
0014bd54 00000020 T fdopen
0014bd74 000000b0 T __sflags
0014be24 00000124 T __fputwc
0014bf48 000000a8 T _fputwc_r
0014bff0 0000003c T fputwc
0014c02c 000000ec t rshift
0014c118 000007e8 T __gethex
0014c900 00000260 T __hexnan
0014cb60 0000000c T __gettzinfo
0014cb6c 00000074 T iswspace
0014cbe0 00000204 t __jp2uc
0014cde4 00000084 T _jp2uc
0014ce68 0000000c T labs
0014ce74 000002ec T __part_load_locale
0014d160 00000098 T _mbrtowc_r
0014d1f8 0000009c T mbrtowc
0014d294 0000008c T _Balloc
0014d320 0000001c T _Bfree
0014d33c 000000d0 T __multadd
0014d40c 000000e4 T __s2b
0014d4f0 0000005c T __hi0bits
0014d54c 00000098 T __lo0bits
0014d5e4 00000020 T __i2b
0014d604 000001dc T __multiply
0014d7e0 00000100 T __pow5mult
0014d8e0 000000f4 T __lshift
0014d9d4 00000064 T __mcmp
0014da38 0000013c T __mdiff
0014db74 00000074 T __ulp
0014dbe8 000000e4 T __b2d
0014dccc 00000104 T __d2b
0014ddd0 0000007c T __ratio
0014de50 00000044 T _mprec_log10
0014de98 0000006c T __copybits
0014df04 00000080 T __any_on
0014df84 000000d8 T __sccl
0014e05c 0000000c T nanf
0014e068 000000d8 T _sniprintf_r
0014e140 000000e0 T sniprintf
0014e220 00000108 T stpncpy
0014e328 000002a0 T _strtoll_r
0014e5c8 00000260 T _strtoull_r
0014e828 00000860 t get_arg
0014f088 000001a8 T __ssprint_r
0014f230 00002fdc T _svfiprintf_r
0015220c 000000f0 T _sungetc_r
001522fc 0000006c T __ssrefill_r
00152368 000000c0 T _sfread_r
00152428 0000213c T __ssvfiscanf_r
00154564 00000018 T close
0015457c 00000020 T fstat
0015459c 00000040 T open
001545dc 00000028 T read
00154604 00000184 T _wcsnrtombs_r
00154788 00000040 T wcsnrtombs
001547c8 00000094 T _calloc_r
0015485c 0000005c T strnlen
001548b8 T _fini
00155000 00000010 r modenames.6247
00155010 0000000c r mode.6246
0015501c 00000008 r fnames
00155024 00000010 r modenames.6239
00155034 0000000c r mode.6238
00155040 00000050 r flib
00155090 00000060 r iolib
001550f0 00000026 R luaP_opmodes
00155118 0000009c R luaP_opnames
001551b4 0000001c r catnames.6238
001551d0 00000018 r cat.6237
001551e8 00000060 r syslib
00155248 00000044 r luaT_eventname.5627
0015528c 0000002c R luaT_typenames
001552b8 00000004 r sentinel_
001552bc 00000018 r pk_funcs
001552d4 00000014 r loaders
001552e8 00000018 r ll_funcs
00155300 00000048 r lualibs
00155348 000000e8 r mathlib
00155430 00000080 r strlib
001554b0 00000100 r log_2.6914
001555b0 00000010 R luaO_nilobject_
001555c0 00000080 R luaX_tokens
00155640 00000020 r opts.6147
00155660 0000001c r optsnum.6148
0015567c 000000c8 r base_funcs
00155744 00000038 r co_funcs
0015577c 00000001 r KEY_HOOK
00155780 00000014 r hooknames.6129
00155794 00000078 r dblib
0015580c 00000050 r tab_funcs
00155860 00000020 r dummynode_
00155880 0000001e r priority
001558a0 0000008b R lua_ident
0015592c R shader_vsh_shbin
00155a7f R shader_vsh_shbin_end
00155a80 R shader_vsh_shbin_size
00155a84 0000002c r CSWTCH.12
00155ab0 00000068 r dotab_3dmoo
00155b18 00000068 r dotab_stdout
00155b80 00000068 r dotab_null
00155be8 00000030 r colorTable
00155c18 00000014 r CSWTCH.18
00155c34 00000024 r CSWTCH.14
00155c58 00000004 R GPU_FORMATSIZE
00155c5c 00000006 R GPU_TEVID
00155c64 0000000c r __apt_servicenames
00155c70 R default_font_bin
00156470 R default_font_bin_end
00156470 R default_font_bin_size
00156474 00000030 r error_table
001564a4 00000068 R dotab_stdnull
0015650c 00000003 R DIRECTORY_PARENT
00156510 00000002 R DIRECTORY_THIS
00156514 00000002 R DIRECTORY_SEPARATOR
00157050 r .LC2
001583d8 00000020 r atanlo
001583f8 00000020 r atanhi
00158418 00000010 r halF
00158428 00000010 r ln2LO
00158438 00000010 r ln2HI
00158448 00000010 r Zero
00158458 00000080 r npio2_hw
001584d8 00000318 r two_over_pi
001587f0 00000010 r dp_h
00158800 00000010 r dp_l
00158810 00000010 r bp
00158820 00000080 r npio2_hw
001588a0 00000108 r two_over_pi
001589a8 0000000c r init_jk
001589b4 0000002c r PIo2
001589e0 00000010 r init_jk
001589f0 00000040 r PIo2
00158a30 00000010 r TWO52
00158a40 00000101 R _ctype_
00158b44 00000004 R _global_impure_ptr
00158c64 0000001c r categories
00158c80 00000048 r JIS_state_table
00158cc8 00000048 r JIS_action_table
00158d10 00000030 r _DAYS_BEFORE_MONTH
00158d40 00000030 r DAYS_IN_MONTH
00158d70 00000060 R __month_lengths
0015953c 00000014 r fpinan.5303
00159560 00000028 r tinytens
00159588 00000014 r fpi.5267
0015959c 00000010 r zeroes.7037
001595e4 00000010 r blanks.7036
001595fc 00000022 r basefix.6958
00159620 000000fc r _C_time_locale
00159898 00000010 r zeroes.7030
001598a8 00000010 r blanks.7029
001598b8 00000010 r zeroes.7052
001598c8 00000010 r blanks.7051
001598d8 00000022 r basefix.6977
0015990c 00000100 R __hexdig
00159a0c 000000bc r a1
00159ac8 000000bc r a2
00159b84 0000005b r a3
00159be0 00000070 r a6
00159c50 000000a2 r a7
00159cf4 00000040 r a8
00159d34 0000172a r b02cf
0015b460 00001a7c r d02f4
0015cedc 0000000c r p05.5298
0015cee8 000000c8 R __mprec_tens
0015cfb0 00000028 R __mprec_bigtens
0015cfd8 00000028 R __mprec_tinytens
0015d000 0000006c R __state_table
0015d06c 00000010 r blanks.7015
0015d07c 00000100 R __chclass
0015d17c 0000006c R __action_table
0015d1e8 00000010 r zeroes.7016
0015d1f8 00000022 r basefix.6409
0015d224 R __exidx_end
0015d224 R __exidx_start
0015e000 D __dso_handle
0015e004 00000004 d projection_desc
0015e008 00000004 d vblank_wait
0015e00c 00000004 d clear_color
0015e010 0000004c D defaultConsole
0015e05c 00000004 D currentConsole
0015e060 00000001 d firstConsoleInit.6329
0015e064 00000001 d topFormat
0015e065 00000001 d botFormat
0015e068 00000008 d doubleBuf
0015e070 00000004 D gpuResetSequenceLength
0015e074 00000538 D gpuResetSequence
0015e5ac W __stacksize__
0015e5b0 00001001 d __cwd
0015f5b4 00000018 d sdmcArchive
0015f5cc 00000068 d sdmc_devoptab
0015f634 00000004 d defaultDevice
0015f638 00000040 D devoptab_list
0015f678 00001000 d _current_working_directory
00160678 0000000c d __stdin_handle
00160684 0000000c d __stdout_handle
00160690 0000000c d __stderr_handle
0016069c 00001000 d handles
0016169c 00000001 D __fdlib_version
001616a0 00000004 D __ctype_ptr__
001616a8 00000428 d impure_data
00161ad0 00000004 D _impure_ptr
00161ad4 00000020 d lc_message_charset
00161af4 00000038 d lconv
00161b2c 000000e0 d current_categories
00161c0c 00000020 d lc_ctype_charset
00161c2c 00000020 D __default_locale
00161c4c 00000004 D __mb_cur_max
00161c50 00000408 D __malloc_av_
00162058 00000004 D __malloc_trim_threshold
0016205c 00000004 D __malloc_sbrk_base
00162060 00000004 D __mbtowc
00162064 00000008 D _tzname
0016206c 00000004 D __wctomb
00162070 00000004 D environ
00162074 00000040 d tzinfo
001620b4 00000002 d locale_buf_C.4847
001620b8 d __EH_FRAME_BEGIN__
00162128 d __FRAME_END__
0016212c d __JCR_END__
0016212c d __JCR_LIST__
00162130 t __frame_dummy_init_array_entry
00162130 T __init_array_start
00162130 T __preinit_array_end
00162130 T __preinit_array_start
00162130 D __TMC_END__
00162130 d __TMC_LIST__
00162134 t __do_global_dtors_aux_fini_array_entry
00162134 T __fini_array_start
00162134 T __init_array_end
00162138 T __bss_start__
00162138 b completed.8113
00162138 T __fini_array_end
0016213c b object.8118
00162158 00000004 b gpu_cmd
0016215c 00000004 b gpu_cmd_size
00162160 0000000c b shader
0016216c 00000001 b cur_screen
00162170 00000040 b ortho_matrix_top
001621b0 00000040 b ortho_matrix_bot
001621f0 00000004 b gpu_fb_addr
001621f4 00000004 b gpu_depth_fb_addr
001621f8 00000004 b pool_addr
001621fc 00000004 b pool_size
00162200 00000004 b dvlb
00162204 0000000c b apt_hook_cookie
00162210 00000004 b current_fps
00162214 00000004 b frames
00162218 00000008 b last_time
00162220 00000001 b cur_side
00162224 00000004 b pool_index
00162228 00000004 b sf2d_initialized
00162230 00000008 b sVramPool
00162238 0000000c b sAddrMap
00162244 00000008 b sLinearPool
0016224c 0000000c b sAddrMap
00162258 00000001 b enable3d
0016225c 00000004 B screenFree
00162260 00000002 b currentBuffer
00162264 00000200 b zero.5368
00162464 00000200 b param.5367
00162664 00000004 b gspEvent
00162668 00000004 b gspEventData
0016266c 00000004 B gspGpuHandle
00162670 00000001 b hidInitialised
00162674 00000004 b kOld
00162678 00000004 b kHeld
0016267c 00000004 b cPos
00162680 00000004 b tPos
00162684 00000006 b aVec
0016268c 00000006 b gRate
00162694 00000004 b kDown
00162698 00000004 b kUp
0016269c 00000004 b __apt_servicestr
001626a0 00000004 B aptStatusEvent
001626a4 0000000c b aptFirstHook
001626b0 00000001 B aptStatus
001626b4 00000004 B aptStatusPower
001626b8 00000004 B aptSleepSync
001626bc 00000001 b aptInitialised
001626be 00000002 b __apt_launchapplet_appID
001626c0 00000020 b __ns_capinfo
001626e0 00000001 B aptStatusBeforeSleep
001626e4 00000004 b __apt_launchapplet_parambuf
001626e8 00000004 b __apt_launchapplet_parambufsize
001626ec 00000004 b __apt_new3dsflag_initialized
001626f0 00000001 b __apt_new3dsflag
001626f4 00000004 b __apt_launchapplet_inhandle
001626f8 b saved_stack
00162700 00000004 b g_srv_handle
00162704 00000001 b irrstUsed
00162708 00000004 b kHeld
0016270c 00000004 b csPos
00162710 00002000 b tmp_buffer.5991
00164710 00001001 b __fixedpath
00165714 00002002 b __utf16path
00167718 00002002 b __utf16path_old.6062
0016971a 00000001 b sdmcInitialised
0016971c 00000001 b fsInitialised
00169720 00000004 b fsuHandle
00169724 00000004 b heap_start.5558
00169728 00000004 B fake_heap_start
0016972c 00000004 B fake_heap_end
00169730 00001000 b temp_cwd
0016a730 00000040 B __syscalls
0016a770 00000004 B _PathLocale
0016a774 00000004 B __nlocale_changed
0016a778 00000004 B __mlocale_changed
0016a77c 00000004 b lc_ctype_cjk_lang
0016a780 000000e0 b new_categories
0016a860 000000e7 b current_locale_string
0016a948 000000e0 b saved_categories
0016aa28 00000004 B __malloc_max_total_mem
0016aa2c 00000004 B __malloc_max_sbrked_mem
0016aa30 00000004 B __malloc_top_pad
0016aa34 00000028 B __malloc_current_mallinfo
0016aa5c 00000004 b _time_using_locale
0016aa60 00000004 b time_locale_buf
0016aa64 000000fc b _time_locale
0016ab60 00000004 B _daylight
0016ab64 00000004 B _timezone
0016ab68 00000004 b initial_env
0016ab6c 00000004 b num_lines.4848
0016ab70 00000004 B L
0016ab74 0000004c B currentCopy
0016abc0 00000008 B gfxBottomFramebuffers
0016abc8 00000004 B gspSharedMemHandle
0016abcc 0000001c B bottomFramebufferInfo
0016abe8 00000004 B gspEvent
0016abec 00000008 B gfxTopLeftFramebuffers
0016abf4 00000008 B gfxTopRightFramebuffers
0016abfc 0000001c B topFramebufferInfo
0016ac18 00000001 B gfxThreadID
0016ac1c 00000004 B gfxSharedMemory
0016ac20 00000004 B gpuCmdBuf
0016ac24 00000004 B gpuCmdBufOffset
0016ac28 00000004 B gpuCmdBufSize
0016ac30 00001000 B gspEventStack
0016bc30 00000004 B gspEventThread
0016bc34 0000001c B gspEventCounts
0016bc50 0000001c B gspEvents
0016bc6c 00000001 B gspRunEvents
0016bc70 00000004 B hidMemHandle
0016bc74 00000004 B hidHandle
0016bc78 00000004 B hidSharedMem
0016bc7c 00000014 B hidEvents
0016bc90 00000004 B aptEventHandlerThread
0016bc94 00001000 B aptParameters
0016cc98 00001000 B aptEventHandlerStack
0016dc98 00000004 B aptuHandle
0016dc9c 0000000c B aptEvents
0016dca8 00000004 B aptStatusMutex
0016dcac 00000004 B aptLockHandle
0016dcb0 00000002 B currentAppId
0016dcb4 00000004 B gxCmdBuf
0016dcb8 00000004 B __system_retAddr
0016dcbc 00000004 B __heapBase
0016dcc0 00000004 B __linear_heap
0016dcc4 00000004 B __system_argv
0016dcc8 00000004 B __system_argc
0016dccc 00000004 B irrstHandle
0016dcd0 00000004 B irrstEvent
0016dcd4 00000004 B irrstMemHandle
0016dcd8 00000004 B irrstSharedMem
0016dcdc B __bss_end__
0016dcdc A __end__
